app/build/outputs/logs/manifest-merger-debug-report.txt
-- Merging decision tree log ---
manifest
ADDED from src\main\AndroidManifest.xml:2:1-150:12
	package
		ADDED from src\main\AndroidManifest.xml:3:5-41
		INJECTED from src\main\AndroidManifest.xml
		INJECTED from src\main\AndroidManifest.xml
	android:versionName
		ADDED from src\main\AndroidManifest.xml:5:5-30
		INJECTED from src\main\AndroidManifest.xml
		INJECTED from src\main\AndroidManifest.xml
	android:versionCode
		ADDED from src\main\AndroidManifest.xml:4:5-28
		INJECTED from src\main\AndroidManifest.xml
		INJECTED from src\main\AndroidManifest.xml
	xmlns:android
		ADDED from src\main\AndroidManifest.xml:2:11-69
uses-permission#android.permission.INTERNET
ADDED from src\main\AndroidManifest.xml:22:5-67
	android:name
		ADDED from src\main\AndroidManifest.xml:22:22-64
uses-permission#android.permission.WRITE_EXTERNAL_STORAGE
ADDED from src\main\AndroidManifest.xml:25:5-81
	android:name
		ADDED from src\main\AndroidManifest.xml:25:22-78
uses-permission#android.permission.ACCESS_NETWORK_STATE
ADDED from src\main\AndroidManifest.xml:26:5-79
	android:name
		ADDED from src\main\AndroidManifest.xml:26:22-76
uses-permission#android.permission.CALL_PHONE
ADDED from src\main\AndroidManifest.xml:27:5-69
	android:name
		ADDED from src\main\AndroidManifest.xml:27:22-66
uses-permission#android.permission.READ_PHONE_STATE
ADDED from src\main\AndroidManifest.xml:28:5-75
	android:name
		ADDED from src\main\AndroidManifest.xml:28:22-72
uses-permission#android.permission.SEND_SMS
ADDED from src\main\AndroidManifest.xml:29:5-67
	android:name
		ADDED from src\main\AndroidManifest.xml:29:22-64
supports-screens
ADDED from src\main\AndroidManifest.xml:30:1-34:33
	android:largeScreens
		ADDED from src\main\AndroidManifest.xml:33:5-32
	android:smallScreens
		ADDED from src\main\AndroidManifest.xml:31:5-32
	android:normalScreens
		ADDED from src\main\AndroidManifest.xml:32:5-33
	android:anyDensity
		ADDED from src\main\AndroidManifest.xml:34:5-30
uses-sdk
ADDED from src\main\AndroidManifest.xml:36:5-38:41
MERGED from [com.android.support:appcompat-v7:19.1.0] AndroidManifest.xml:18:5-42
	android:targetSdkVersion
		ADDED from src\main\AndroidManifest.xml:38:9-38
		INJECTED from src\main\AndroidManifest.xml
		INJECTED from src\main\AndroidManifest.xml
	android:minSdkVersion
		ADDED from src\main\AndroidManifest.xml:37:9-35
		INJECTED from src\main\AndroidManifest.xml
		INJECTED from src\main\AndroidManifest.xml
application
ADDED from src\main\AndroidManifest.xml:40:5-148:19
MERGED from [com.android.support:appcompat-v7:19.1.0] AndroidManifest.xml:19:5-20
	android:label
		ADDED from src\main\AndroidManifest.xml:43:9-41
	android:allowBackup
		ADDED from src\main\AndroidManifest.xml:41:9-35
	android:icon
		ADDED from src\main\AndroidManifest.xml:42:9-38
	android:theme
		ADDED from src\main\AndroidManifest.xml:44:9-40
activity#com.mmsp.myanmarsuperpages.Splashscreen
ADDED from src\main\AndroidManifest.xml:45:9-54:20
	android:screenOrientation
		ADDED from src\main\AndroidManifest.xml:48:13-49
	android:label
		ADDED from src\main\AndroidManifest.xml:47:13-45
	android:name
		ADDED from src\main\AndroidManifest.xml:46:13-67
intent-filter#android.intent.action.MAIN+android.intent.category.LAUNCHER
ADDED from src\main\AndroidManifest.xml:49:13-53:29
action#android.intent.action.MAIN
ADDED from src\main\AndroidManifest.xml:50:17-69
	android:name
		ADDED from src\main\AndroidManifest.xml:50:25-66
category#android.intent.category.LAUNCHER
ADDED from src\main\AndroidManifest.xml:52:17-77
	android:name
		ADDED from src\main\AndroidManifest.xml:52:27-74
activity#com.mmsp.myanmarsuperpages.MainActivity
ADDED from src\main\AndroidManifest.xml:55:9-59:20
	android:screenOrientation
		ADDED from src\main\AndroidManifest.xml:58:13-49
	android:label
		ADDED from src\main\AndroidManifest.xml:57:13-38
	android:name
		ADDED from src\main\AndroidManifest.xml:56:13-67
activity#com.mmsp.myanmarsuperpages.Popular_categories
ADDED from src\main\AndroidManifest.xml:60:9-64:20
	android:screenOrientation
		ADDED from src\main\AndroidManifest.xml:63:13-49
	android:label
		ADDED from src\main\AndroidManifest.xml:62:13-40
	android:name
		ADDED from src\main\AndroidManifest.xml:61:13-73
activity#com.mmsp.myanmarsuperpages.Popular_SearchResult
ADDED from src\main\AndroidManifest.xml:65:9-69:20
	android:screenOrientation
		ADDED from src\main\AndroidManifest.xml:68:13-49
	android:label
		ADDED from src\main\AndroidManifest.xml:67:13-40
	android:name
		ADDED from src\main\AndroidManifest.xml:66:13-75
activity#com.mmsp.myanmarsuperpages.Category_Menu
ADDED from src\main\AndroidManifest.xml:70:9-74:20
	android:screenOrientation
		ADDED from src\main\AndroidManifest.xml:73:13-49
	android:label
		ADDED from src\main\AndroidManifest.xml:72:13-40
	android:name
		ADDED from src\main\AndroidManifest.xml:71:13-68
activity#com.mmsp.myanmarsuperpages.Category_Search
ADDED from src\main\AndroidManifest.xml:75:9-79:20
	android:screenOrientation
		ADDED from src\main\AndroidManifest.xml:78:13-49
	android:label
		ADDED from src\main\AndroidManifest.xml:77:13-40
	android:name
		ADDED from src\main\AndroidManifest.xml:76:13-70
activity#com.mmsp.myanmarsuperpages.Main_allDetail
ADDED from src\main\AndroidManifest.xml:80:9-84:20
	android:screenOrientation
		ADDED from src\main\AndroidManifest.xml:83:13-49
	android:label
		ADDED from src\main\AndroidManifest.xml:82:13-40
	android:name
		ADDED from src\main\AndroidManifest.xml:81:13-69
activity#com.mmsp.myanmarsuperpages.Searchby_City
ADDED from src\main\AndroidManifest.xml:85:9-88:20
	android:label
		ADDED from src\main\AndroidManifest.xml:87:13-40
	android:name
		ADDED from src\main\AndroidManifest.xml:86:13-68
activity#com.mmsp.myanmarsuperpages.Main_Searchwithbusinessname
ADDED from src\main\AndroidManifest.xml:89:9-93:20
	android:screenOrientation
		ADDED from src\main\AndroidManifest.xml:92:13-49
	android:label
		ADDED from src\main\AndroidManifest.xml:91:13-40
	android:name
		ADDED from src\main\AndroidManifest.xml:90:13-82
activity#com.mmsp.myanmarsuperpages.Searchby_CityResult
ADDED from src\main\AndroidManifest.xml:94:9-98:20
	android:screenOrientation
		ADDED from src\main\AndroidManifest.xml:97:13-49
	android:label
		ADDED from src\main\AndroidManifest.xml:96:13-40
	android:name
		ADDED from src\main\AndroidManifest.xml:95:13-74
activity#com.mmsp.myanmarsuperpages.Searchby_Name
ADDED from src\main\AndroidManifest.xml:99:9-103:20
	android:screenOrientation
		ADDED from src\main\AndroidManifest.xml:102:13-49
	android:label
		ADDED from src\main\AndroidManifest.xml:101:13-40
	android:name
		ADDED from src\main\AndroidManifest.xml:100:13-68
activity#com.mmsp.myanmarsuperpages.Searchby_NameResult
ADDED from src\main\AndroidManifest.xml:104:9-108:20
	android:screenOrientation
		ADDED from src\main\AndroidManifest.xml:107:13-49
	android:label
		ADDED from src\main\AndroidManifest.xml:106:13-40
	android:name
		ADDED from src\main\AndroidManifest.xml:105:13-74
activity#com.mmsp.myanmarsuperpages.AboutUs
ADDED from src\main\AndroidManifest.xml:109:9-113:20
	android:screenOrientation
		ADDED from src\main\AndroidManifest.xml:112:13-49
	android:label
		ADDED from src\main\AndroidManifest.xml:111:13-40
	android:name
		ADDED from src\main\AndroidManifest.xml:110:13-62
activity#com.mmsp.myanmarsuperpages.ContactUs
ADDED from src\main\AndroidManifest.xml:114:9-118:20
	android:screenOrientation
		ADDED from src\main\AndroidManifest.xml:117:13-49
	android:label
		ADDED from src\main\AndroidManifest.xml:116:13-40
	android:name
		ADDED from src\main\AndroidManifest.xml:115:13-64
activity#com.mmsp.myanmarsuperpages.Searchby_CityAndCat
ADDED from src\main\AndroidManifest.xml:119:9-123:20
	android:screenOrientation
		ADDED from src\main\AndroidManifest.xml:122:13-49
	android:label
		ADDED from src\main\AndroidManifest.xml:121:13-40
	android:name
		ADDED from src\main\AndroidManifest.xml:120:13-74
activity#com.mmsp.myanmarsuperpages.Category_Listing
ADDED from src\main\AndroidManifest.xml:124:9-128:20
	android:screenOrientation
		ADDED from src\main\AndroidManifest.xml:127:13-49
	android:label
		ADDED from src\main\AndroidManifest.xml:126:13-40
	android:name
		ADDED from src\main\AndroidManifest.xml:125:13-71
activity#com.mmsp.myanmarsuperpages.Feedback
ADDED from src\main\AndroidManifest.xml:129:9-133:20
	android:screenOrientation
		ADDED from src\main\AndroidManifest.xml:132:13-49
	android:label
		ADDED from src\main\AndroidManifest.xml:131:13-40
	android:name
		ADDED from src\main\AndroidManifest.xml:130:13-63
activity#com.mmsp.myanmarsuperpages.WebActivity
ADDED from src\main\AndroidManifest.xml:134:9-137:20
	android:label
		ADDED from src\main\AndroidManifest.xml:136:13-55
	android:name
		ADDED from src\main\AndroidManifest.xml:135:13-66
activity#com.mmsp.myanmarsuperpages.customphonecall.Mm_cdma_dialogActivity
ADDED from src\main\AndroidManifest.xml:138:11-142:20
	android:label
		ADDED from src\main\AndroidManifest.xml:140:13-36
	android:theme
		ADDED from src\main\AndroidManifest.xml:141:13-56
	android:name
		ADDED from src\main\AndroidManifest.xml:139:13-93
activity#com.mmsp.myanmarsuperpages.customphonecall.Mm_gsm_dialogActivity
ADDED from src\main\AndroidManifest.xml:143:10-147:20
	android:label
		ADDED from src\main\AndroidManifest.xml:145:14-37
	android:theme
		ADDED from src\main\AndroidManifest.xml:146:13-56
	android:name
		ADDED from src\main\AndroidManifest.xml:144:13-92